<?xml version='1.0' encoding='UTF-8'?>
<testsuite hostname="miszle-PC" name="example.ListsSuite" tests="10" errors="0" failures="0" skipped="0" time="0.055" timestamp="2020-06-26T10:53:54">
                     <properties>
      <property name="java.specification.version" value="14"/><property name="sun.jnu.encoding" value="UTF-8"/><property name="sun.arch.data.model" value="64"/><property name="java.vendor.url" value="Unknown"/><property name="sun.boot.library.path" value="/usr/lib/jvm/java-14-openjdk-amd64/lib"/><property name="sun.java.command" value="/usr/share/sbt/bin/sbt-launch.jar"/><property name="jdk.debug" value="release"/><property name="java.specification.vendor" value="Oracle Corporation"/><property name="java.version.date" value="2020-04-14"/><property name="java.home" value="/usr/lib/jvm/java-14-openjdk-amd64"/><property name="file.separator" value="/"/><property name="java.vm.compressedOopsMode" value="32-bit"/><property name="line.separator" value="
"/><property name="java.specification.name" value="Java Platform API Specification"/><property name="java.vm.specification.vendor" value="Oracle Corporation"/><property name="sun.management.compiler" value="HotSpot 64-Bit Tiered Compilers"/><property name="java.runtime.version" value="14.0.1+7-Ubuntu-1ubuntu1"/><property name="user.name" value="miszle"/><property name="file.encoding" value="UTF-8"/><property name="jnidispatch.path" value="/tmp/jna--1073873476/jna9985232647717974371.tmp"/><property name="jna.loaded" value="true"/><property name="java.io.tmpdir" value="/tmp"/><property name="java.version" value="14.0.1"/><property name="java.vm.specification.name" value="Java Virtual Machine Specification"/><property name="java.library.path" value="/usr/java/packages/lib:/usr/lib/x86_64-linux-gnu/jni:/lib/x86_64-linux-gnu:/usr/lib/x86_64-linux-gnu:/usr/lib/jni:/lib:/usr/lib"/><property name="java.vendor" value="Private Build"/><property name="scala.ext.dirs" value="/home/miszle/.sbt/0.13/java9-rt-ext-private_build_14_0_1"/><property name="sun.io.unicode.encoding" value="UnicodeLittle"/><property name="java.class.path" value="/usr/share/sbt/bin/sbt-launch.jar"/><property name="java.vm.vendor" value="Private Build"/><property name="jline.shutdownhook" value="false"/><property name="user.timezone" value="Europe/Warsaw"/><property name="java.vm.specification.version" value="14"/><property name="os.name" value="Linux"/><property name="sun.java.launcher" value="SUN_STANDARD"/><property name="user.country" value="US"/><property name="sun.cpu.endian" value="little"/><property name="user.home" value="/home/miszle"/><property name="user.language" value="en"/><property name="jline.esc.timeout" value="0"/><property name="path.separator" value=":"/><property name="os.version" value="5.4.0-37-generic"/><property name="jna.nosys" value="true"/><property name="java.runtime.name" value="OpenJDK Runtime Environment"/><property name="java.vm.name" value="OpenJDK 64-Bit Server VM"/><property name="jna.platform.library.path" value="/usr/lib/x86_64-linux-gnu:/lib/x86_64-linux-gnu:/usr/lib64:/lib64:/usr/lib:/lib:/lib/i386-linux-gnu:/usr/lib/x86_64-linux-gnu/libfakeroot"/><property name="java.vendor.url.bug" value="Unknown"/><property name="user.dir" value="/home/miszle/coursera/scala_tutorial_1/example"/><property name="os.arch" value="amd64"/><property name="java.vm.info" value="mixed mode, sharing"/><property name="java.vm.version" value="14.0.1+7-Ubuntu-1ubuntu1"/><property name="java.class.version" value="58.0"/>
    </properties>
                     <testcase classname="example.ListsSuite" name="one plus one is three (0pts)?" time="0.038">
                                                 
                                               </testcase><testcase classname="example.ListsSuite" name="max all values negative" time="0.013">
                                                 
                                               </testcase><testcase classname="example.ListsSuite" name="All zeros" time="0.001">
                                                 
                                               </testcase><testcase classname="example.ListsSuite" name="max of a few numbers (10pts)" time="0.001">
                                                 
                                               </testcase><testcase classname="example.ListsSuite" name="intNotZero throws an exception if its argument is 0" time="0.001">
                                                 
                                               </testcase><testcase classname="example.ListsSuite" name="details why one plus one is not three (0pts)" time="0.0">
                                                 
                                               </testcase><testcase classname="example.ListsSuite" name="max with negative values" time="0.0">
                                                 
                                               </testcase><testcase classname="example.ListsSuite" name="sum of a few numbers (10pts)" time="0.0">
                                                 
                                               </testcase><testcase classname="example.ListsSuite" name="sum more than max" time="0.001">
                                                 
                                               </testcase><testcase classname="example.ListsSuite" name="one plus one is two (0pts)" time="0.0">
                                                 
                                               </testcase>
                     <system-out><![CDATA[]]></system-out>
                     <system-err><![CDATA[]]></system-err>
                   </testsuite>